<?xml version="1.0" encoding="UTF-8"?>
<!-- Generated by org.testng.reporters.JUnitReportReporter -->
<testsuite hostname="DESKTOP-IR0K7AC" failures="0" tests="2" name="com.sgtesting.testcases.users.Users" time="0.019" errors="0" timestamp="2021-11-03T08:27:19 IST" skipped="0">
  <testcase classname="com.sgtesting.testcases.users.Users" name="usersTestCase2" time="0.004"/>
  <system-out/>
  <testcase classname="com.sgtesting.testcases.users.Users" name="usersTestCase1" time="0.015"/>
  <system-out/>
</testsuite> <!-- com.sgtesting.testcases.users.Users -->
